<?xml version="1.0" encoding="UTF-8"?>
<!-- Generated by org.testng.reporters.JUnitReportReporter -->
<testsuite hostname="IN-LAP-ANJALI" failures="0" tests="1" name="AnjaliAppiumProject.DragDropDemo" time="9.632" errors="0" timestamp="2023-09-05T11:43:52 IST" skipped="0">
  <testcase classname="AnjaliAppiumProject.DragDropDemo" name="DragDropTest" time="9.632"/>
  <system-out/>
</testsuite> <!-- AnjaliAppiumProject.DragDropDemo -->
