<?xml version="1.0" encoding="UTF-8"?>
<!-- Generated by org.testng.reporters.JUnitReportReporter -->
<testsuite hostname="IN-LAP-ANJALI" failures="0" tests="1" name="AnjaliAppiumProject.OrientationDemo" time="10.759" errors="0" timestamp="2023-09-05T12:57:53 IST" skipped="0">
  <testcase classname="AnjaliAppiumProject.OrientationDemo" name="OrientationTest" time="10.759"/>
  <system-out/>
</testsuite> <!-- AnjaliAppiumProject.OrientationDemo -->
