<?xml version="1.0" encoding="UTF-8"?>
<!-- Generated by org.testng.reporters.JUnitReportReporter -->
<testsuite hostname="IN-LAP-ANJALI" failures="0" tests="1" name="AnjaliAppiumProject.ScrollDemo" time="26.043" errors="0" timestamp="2023-09-04T12:26:49 IST" skipped="0">
  <testcase classname="AnjaliAppiumProject.ScrollDemo" name="LongPressElement" time="26.043"/>
  <system-out/>
</testsuite> <!-- AnjaliAppiumProject.ScrollDemo -->
