<?xml version="1.0" encoding="UTF-8"?>
<!-- Generated by org.testng.reporters.JUnitReportReporter -->
<testsuite hostname="IN-LAP-ANJALI" failures="0" tests="1" name="AnjaliAppiumProject.AppiumBasics" time="5.932" errors="0" timestamp="2023-09-05T12:14:27 IST" skipped="0">
  <testcase classname="AnjaliAppiumProject.AppiumBasics" name="WifiSettingsName" time="5.932"/>
  <system-out/>
</testsuite> <!-- AnjaliAppiumProject.AppiumBasics -->
