<?xml version="1.0" encoding="UTF-8"?>
<!-- Generated by org.testng.reporters.JUnitReportReporter -->
<testsuite hostname="IN-LAP-ANJALI" failures="0" tests="1" name="AnjaliAppiumProject.LongPress" time="9.478" errors="0" timestamp="2023-09-04T11:58:11 IST" skipped="0">
  <testcase classname="AnjaliAppiumProject.LongPress" name="LongPressElement" time="9.478"/>
  <system-out/>
</testsuite> <!-- AnjaliAppiumProject.LongPress -->
