<?xml version="1.0" encoding="UTF-8"?>
<!-- Generated by org.testng.reporters.JUnitReportReporter -->
<testsuite hostname="IN-LAP-ANJALI" failures="0" tests="1" name="AnjaliAppiumProject.EcommerceT1" time="69.123" errors="0" timestamp="2023-09-21T15:26:54 IST" skipped="0">
  <testcase classname="AnjaliAppiumProject.EcommerceT1" name="FillFormTest" time="69.123"/>
  <system-out/>
</testsuite> <!-- AnjaliAppiumProject.EcommerceT1 -->
